<?xml version="1.0" encoding="UTF-8"?>
<testsuite name="PrimeFactorsExerciseTest" tests="1" skipped="0" failures="0" errors="0" timestamp="2015-02-13T15:33:00" hostname="tuber" time="0.004">
  <properties/>
  <testcase name="should_return_empty_list_when_given_1" classname="PrimeFactorsExerciseTest" time="0.004"/>
  <system-out><![CDATA[]]></system-out>
  <system-err><![CDATA[]]></system-err>
</testsuite>
